<?xml version="1.0" encoding="UTF-8"?>
<coverage generated="1630247734049" clover="3.2.0">
  <project timestamp="1630247734049" name="All files">
    <metrics statements="165" coveredstatements="165" conditionals="62" coveredconditionals="60" methods="34" coveredmethods="34" elements="261" coveredelements="259" complexity="0" loc="165" ncloc="165" packages="2" files="3" classes="3"/>
    <package name="gui">
      <metrics statements="1" coveredstatements="1" conditionals="0" coveredconditionals="0" methods="0" coveredmethods="0"/>
      <file name="outputSymbols.js" path="/Users/macbookair/Documents/GitHub/coding-challenge/gui/outputSymbols.js">
        <metrics statements="1" coveredstatements="1" conditionals="0" coveredconditionals="0" methods="0" coveredmethods="0"/>
        <line num="2" count="2" type="stmt"/>
      </file>
    </package>
    <package name="map">
      <metrics statements="164" coveredstatements="164" conditionals="62" coveredconditionals="60" methods="34" coveredmethods="34"/>
      <file name="mapPath.js" path="/Users/macbookair/Documents/GitHub/coding-challenge/map/mapPath.js">
        <metrics statements="79" coveredstatements="79" conditionals="28" coveredconditionals="27" methods="22" coveredmethods="22"/>
        <line num="1" count="2" type="stmt"/>
        <line num="2" count="2" type="stmt"/>
        <line num="3" count="2" type="stmt"/>
        <line num="4" count="2" type="stmt"/>
        <line num="9" count="2" type="stmt"/>
        <line num="20" count="45" type="stmt"/>
        <line num="21" count="45" type="stmt"/>
        <line num="24" count="45" type="stmt"/>
        <line num="26" count="45" type="stmt"/>
        <line num="28" count="45" type="stmt"/>
        <line num="30" count="45" type="stmt"/>
        <line num="35" count="41" type="stmt"/>
        <line num="36" count="41" type="stmt"/>
        <line num="40" count="36" type="stmt"/>
        <line num="44" count="25" type="stmt"/>
        <line num="48" count="1" type="stmt"/>
        <line num="52" count="1" type="stmt"/>
        <line num="56" count="1" type="stmt"/>
        <line num="60" count="2" type="stmt"/>
        <line num="64" count="1" type="stmt"/>
        <line num="68" count="1" type="stmt"/>
        <line num="74" count="4" type="cond" truecount="2" falsecount="0"/>
        <line num="75" count="3" type="stmt"/>
        <line num="78" count="1" type="stmt"/>
        <line num="84" count="39" type="cond" truecount="1" falsecount="1"/>
        <line num="85" count="39" type="stmt"/>
        <line num="86" count="39" type="stmt"/>
        <line num="87" count="6" type="cond" truecount="2" falsecount="0"/>
        <line num="88" count="1" type="stmt"/>
        <line num="91" count="5" type="stmt"/>
        <line num="92" count="5" type="stmt"/>
        <line num="101" count="4" type="stmt"/>
        <line num="107" count="2" type="cond" truecount="2" falsecount="0"/>
        <line num="108" count="1" type="stmt"/>
        <line num="111" count="2" type="stmt"/>
        <line num="113" count="2" type="stmt"/>
        <line num="114" count="2" type="cond" truecount="2" falsecount="0"/>
        <line num="115" count="1" type="stmt"/>
        <line num="118" count="2" type="stmt"/>
        <line num="126" count="4" type="cond" truecount="2" falsecount="0"/>
        <line num="127" count="2" type="stmt"/>
        <line num="131" count="4" type="stmt"/>
        <line num="132" count="4" type="stmt"/>
        <line num="133" count="4" type="stmt"/>
        <line num="136" count="4" type="stmt"/>
        <line num="138" count="4" type="cond" truecount="2" falsecount="0"/>
        <line num="139" count="1" type="stmt"/>
        <line num="145" count="4" type="stmt"/>
        <line num="150" count="5" type="stmt"/>
        <line num="155" count="2" type="stmt"/>
        <line num="156" count="2" type="stmt"/>
        <line num="158" count="2" type="stmt"/>
        <line num="159" count="2" type="cond" truecount="2" falsecount="0"/>
        <line num="160" count="1" type="stmt"/>
        <line num="163" count="2" type="stmt"/>
        <line num="170" count="2" type="stmt"/>
        <line num="173" count="2" type="stmt"/>
        <line num="174" count="2" type="stmt"/>
        <line num="175" count="2" type="stmt"/>
        <line num="178" count="2" type="stmt"/>
        <line num="179" count="10" type="stmt"/>
        <line num="180" count="50" type="stmt"/>
        <line num="184" count="10" type="cond" truecount="2" falsecount="0"/>
        <line num="185" count="8" type="stmt"/>
        <line num="190" count="2" type="stmt"/>
        <line num="196" count="50" type="cond" truecount="2" falsecount="0"/>
        <line num="197" count="2" type="stmt"/>
        <line num="199" count="48" type="cond" truecount="2" falsecount="0"/>
        <line num="200" count="2" type="stmt"/>
        <line num="202" count="46" type="cond" truecount="2" falsecount="0"/>
        <line num="203" count="16" type="stmt"/>
        <line num="205" count="30" type="cond" truecount="2" falsecount="0"/>
        <line num="206" count="18" type="stmt"/>
        <line num="210" count="12" type="stmt"/>
        <line num="216" count="30" type="stmt"/>
        <line num="217" count="240" type="stmt"/>
        <line num="219" count="240" type="cond" truecount="2" falsecount="0"/>
        <line num="220" count="18" type="stmt"/>
        <line num="224" count="12" type="stmt"/>
      </file>
      <file name="mapPathParser.js" path="/Users/macbookair/Documents/GitHub/coding-challenge/map/mapPathParser.js">
        <metrics statements="85" coveredstatements="85" conditionals="34" coveredconditionals="33" methods="12" coveredmethods="12"/>
        <line num="1" count="3" type="stmt"/>
        <line num="3" count="3" type="stmt"/>
        <line num="16" count="56" type="stmt"/>
        <line num="23" count="56" type="stmt"/>
        <line num="37" count="14" type="stmt"/>
        <line num="38" count="14" type="stmt"/>
        <line num="39" count="14" type="stmt"/>
        <line num="42" count="14" type="cond" truecount="1" falsecount="1"/>
        <line num="43" count="14" type="stmt"/>
        <line num="44" count="108" type="stmt"/>
        <line num="46" count="108" type="stmt"/>
        <line num="48" count="108" type="stmt"/>
        <line num="52" count="5" type="cond" truecount="4" falsecount="0"/>
        <line num="53" count="2" type="stmt"/>
        <line num="57" count="3" type="stmt"/>
        <line num="61" count="103" type="cond" truecount="2" falsecount="0"/>
        <line num="63" count="13" type="stmt"/>
        <line num="65" count="90" type="cond" truecount="2" falsecount="0"/>
        <line num="67" count="12" type="stmt"/>
        <line num="69" count="12" type="stmt"/>
        <line num="73" count="78" type="stmt"/>
        <line num="78" count="102" type="stmt"/>
        <line num="82" count="11" type="stmt"/>
        <line num="85" count="9" type="stmt"/>
        <line num="89" count="3" type="stmt"/>
        <line num="93" count="3" type="stmt"/>
        <line num="97" count="5" type="stmt"/>
        <line num="101" count="5" type="stmt"/>
        <line num="105" count="7" type="stmt"/>
        <line num="109" count="4" type="stmt"/>
        <line num="116" count="9" type="stmt"/>
        <line num="117" count="9" type="stmt"/>
        <line num="120" count="9" type="stmt"/>
        <line num="123" count="9" type="stmt"/>
        <line num="124" count="42" type="stmt"/>
        <line num="125" count="42" type="stmt"/>
        <line num="127" count="42" type="stmt"/>
        <line num="133" count="48" type="stmt"/>
        <line num="135" count="48" type="stmt"/>
        <line num="136" count="316" type="stmt"/>
        <line num="137" count="316" type="cond" truecount="2" falsecount="0"/>
        <line num="138" count="17" type="stmt"/>
        <line num="142" count="31" type="stmt"/>
        <line num="147" count="51" type="stmt"/>
        <line num="148" count="51" type="stmt"/>
        <line num="153" count="49" type="stmt"/>
        <line num="154" count="49" type="stmt"/>
        <line num="159" count="772" type="cond" truecount="4" falsecount="0"/>
        <line num="160" count="45" type="stmt"/>
        <line num="163" count="727" type="stmt"/>
        <line num="168" count="108" type="stmt"/>
        <line num="173" count="52" type="stmt"/>
        <line num="174" count="52" type="stmt"/>
        <line num="176" count="52" type="stmt"/>
        <line num="181" count="148" type="stmt"/>
        <line num="182" count="148" type="stmt"/>
        <line num="184" count="148" type="stmt"/>
        <line num="192" count="108" type="cond" truecount="2" falsecount="0"/>
        <line num="193" count="2" type="stmt"/>
        <line num="196" count="106" type="cond" truecount="2" falsecount="0"/>
        <line num="197" count="105" type="stmt"/>
        <line num="199" count="105" type="cond" truecount="2" falsecount="0"/>
        <line num="200" count="104" type="stmt"/>
        <line num="201" count="104" type="stmt"/>
        <line num="203" count="104" type="cond" truecount="6" falsecount="0"/>
        <line num="204" count="103" type="stmt"/>
        <line num="207" count="1" type="stmt"/>
        <line num="211" count="1" type="stmt"/>
        <line num="215" count="1" type="stmt"/>
        <line num="222" count="102" type="stmt"/>
        <line num="223" count="102" type="stmt"/>
        <line num="225" count="102" type="stmt"/>
        <line num="226" count="102" type="stmt"/>
        <line num="228" count="102" type="stmt"/>
        <line num="229" count="102" type="stmt"/>
        <line num="234" count="11" type="stmt"/>
        <line num="235" count="51" type="stmt"/>
        <line num="236" count="51" type="stmt"/>
        <line num="242" count="51" type="stmt"/>
        <line num="243" count="51" type="stmt"/>
        <line num="245" count="51" type="cond" truecount="4" falsecount="0"/>
        <line num="246" count="2" type="stmt"/>
        <line num="252" count="12" type="stmt"/>
        <line num="254" count="12" type="cond" truecount="2" falsecount="0"/>
        <line num="255" count="1" type="stmt"/>
      </file>
    </package>
  </project>
</coverage>
