{"/Users/macbookair/Documents/GitHub/coding-challenge/gui/outputSymbols.js": {"path":"/Users/macbookair/Documents/GitHub/coding-challenge/gui/outputSymbols.js","statementMap":{"0":{"start":{"line":2,"column":0},"end":{"line":8,"column":2}}},"fnMap":{},"branchMap":{},"s":{"0":2},"f":{},"b":{},"_coverageSchema":"1a1c01bbd47fc00a2c39e90264f33305004495a9","hash":"0cf21b118bd12ed1d2326b7112fc4cbc3993f04d"}
,"/Users/macbookair/Documents/GitHub/coding-challenge/map/mapPath.js": {"path":"/Users/macbookair/Documents/GitHub/coding-challenge/map/mapPath.js","statementMap":{"0":{"start":{"line":1,"column":11},"end":{"line":1,"column":24}},"1":{"start":{"line":2,"column":11},"end":{"line":2,"column":33}},"2":{"start":{"line":3,"column":22},"end":{"line":3,"column":48}},"3":{"start":{"line":4,"column":16},"end":{"line":4,"column":47}},"4":{"start":{"line":9,"column":0},"end":{"line":226,"column":1}},"5":{"start":{"line":20,"column":8},"end":{"line":20,"column":29}},"6":{"start":{"line":21,"column":8},"end":{"line":21,"column":30}},"7":{"start":{"line":24,"column":8},"end":{"line":24,"column":55}},"8":{"start":{"line":26,"column":8},"end":{"line":26,"column":28}},"9":{"start":{"line":28,"column":8},"end":{"line":28,"column":41}},"10":{"start":{"line":30,"column":8},"end":{"line":30,"column":48}},"11":{"start":{"line":35,"column":8},"end":{"line":35,"column":36}},"12":{"start":{"line":36,"column":8},"end":{"line":36,"column":38}},"13":{"start":{"line":40,"column":8},"end":{"line":40,"column":41}},"14":{"start":{"line":44,"column":8},"end":{"line":44,"column":38}},"15":{"start":{"line":48,"column":8},"end":{"line":48,"column":27}},"16":{"start":{"line":52,"column":8},"end":{"line":52,"column":31}},"17":{"start":{"line":56,"column":8},"end":{"line":56,"column":32}},"18":{"start":{"line":60,"column":8},"end":{"line":60,"column":28}},"19":{"start":{"line":64,"column":8},"end":{"line":64,"column":38}},"20":{"start":{"line":68,"column":8},"end":{"line":68,"column":26}},"21":{"start":{"line":74,"column":8},"end":{"line":79,"column":9}},"22":{"start":{"line":75,"column":12},"end":{"line":75,"column":46}},"23":{"start":{"line":78,"column":12},"end":{"line":78,"column":37}},"24":{"start":{"line":84,"column":8},"end":{"line":96,"column":9}},"25":{"start":{"line":85,"column":12},"end":{"line":95,"column":15}},"26":{"start":{"line":86,"column":16},"end":{"line":94,"column":19}},"27":{"start":{"line":87,"column":20},"end":{"line":93,"column":21}},"28":{"start":{"line":88,"column":24},"end":{"line":88,"column":60}},"29":{"start":{"line":91,"column":24},"end":{"line":91,"column":43}},"30":{"start":{"line":92,"column":24},"end":{"line":92,"column":38}},"31":{"start":{"line":101,"column":8},"end":{"line":101,"column":45}},"32":{"start":{"line":107,"column":8},"end":{"line":109,"column":9}},"33":{"start":{"line":108,"column":29},"end":{"line":108,"column":45}},"34":{"start":{"line":111,"column":8},"end":{"line":120,"column":11}},"35":{"start":{"line":113,"column":12},"end":{"line":119,"column":15}},"36":{"start":{"line":114,"column":16},"end":{"line":116,"column":17}},"37":{"start":{"line":115,"column":20},"end":{"line":115,"column":66}},"38":{"start":{"line":118,"column":16},"end":{"line":118,"column":26}},"39":{"start":{"line":126,"column":8},"end":{"line":128,"column":9}},"40":{"start":{"line":127,"column":12},"end":{"line":127,"column":46}},"41":{"start":{"line":131,"column":20},"end":{"line":131,"column":59}},"42":{"start":{"line":132,"column":18},"end":{"line":132,"column":55}},"43":{"start":{"line":133,"column":19},"end":{"line":133,"column":46}},"44":{"start":{"line":136,"column":8},"end":{"line":136,"column":85}},"45":{"start":{"line":138,"column":8},"end":{"line":140,"column":9}},"46":{"start":{"line":139,"column":12},"end":{"line":139,"column":43}},"47":{"start":{"line":145,"column":8},"end":{"line":145,"column":39}},"48":{"start":{"line":150,"column":8},"end":{"line":150,"column":52}},"49":{"start":{"line":155,"column":8},"end":{"line":165,"column":11}},"50":{"start":{"line":156,"column":36},"end":{"line":156,"column":64}},"51":{"start":{"line":158,"column":12},"end":{"line":164,"column":15}},"52":{"start":{"line":159,"column":16},"end":{"line":161,"column":17}},"53":{"start":{"line":160,"column":20},"end":{"line":160,"column":64}},"54":{"start":{"line":163,"column":16},"end":{"line":163,"column":26}},"55":{"start":{"line":170,"column":19},"end":{"line":170,"column":46}},"56":{"start":{"line":173,"column":35},"end":{"line":173,"column":37}},"57":{"start":{"line":174,"column":24},"end":{"line":174,"column":56}},"58":{"start":{"line":175,"column":24},"end":{"line":175,"column":56}},"59":{"start":{"line":178,"column":8},"end":{"line":187,"column":9}},"60":{"start":{"line":178,"column":21},"end":{"line":178,"column":22}},"61":{"start":{"line":179,"column":12},"end":{"line":181,"column":13}},"62":{"start":{"line":179,"column":25},"end":{"line":179,"column":26}},"63":{"start":{"line":180,"column":16},"end":{"line":180,"column":84}},"64":{"start":{"line":184,"column":12},"end":{"line":186,"column":13}},"65":{"start":{"line":185,"column":16},"end":{"line":185,"column":45}},"66":{"start":{"line":190,"column":8},"end":{"line":190,"column":36}},"67":{"start":{"line":196,"column":8},"end":{"line":211,"column":9}},"68":{"start":{"line":197,"column":12},"end":{"line":197,"column":33}},"69":{"start":{"line":199,"column":13},"end":{"line":211,"column":9}},"70":{"start":{"line":200,"column":12},"end":{"line":200,"column":31}},"71":{"start":{"line":202,"column":13},"end":{"line":211,"column":9}},"72":{"start":{"line":203,"column":12},"end":{"line":203,"column":36}},"73":{"start":{"line":205,"column":13},"end":{"line":211,"column":9}},"74":{"start":{"line":206,"column":12},"end":{"line":206,"column":32}},"75":{"start":{"line":210,"column":12},"end":{"line":210,"column":33}},"76":{"start":{"line":216,"column":8},"end":{"line":222,"column":9}},"77":{"start":{"line":216,"column":21},"end":{"line":216,"column":22}},"78":{"start":{"line":217,"column":30},"end":{"line":217,"column":43}},"79":{"start":{"line":219,"column":12},"end":{"line":221,"column":13}},"80":{"start":{"line":220,"column":16},"end":{"line":220,"column":28}},"81":{"start":{"line":224,"column":8},"end":{"line":224,"column":21}}},"fnMap":{"0":{"name":"(anonymous_0)","decl":{"start":{"line":18,"column":4},"end":{"line":18,"column":5}},"loc":{"start":{"line":18,"column":18},"end":{"line":31,"column":5}},"line":18},"1":{"name":"(anonymous_1)","decl":{"start":{"line":34,"column":4},"end":{"line":34,"column":5}},"loc":{"start":{"line":34,"column":50},"end":{"line":37,"column":5}},"line":34},"2":{"name":"(anonymous_2)","decl":{"start":{"line":39,"column":4},"end":{"line":39,"column":5}},"loc":{"start":{"line":39,"column":54},"end":{"line":41,"column":5}},"line":39},"3":{"name":"(anonymous_3)","decl":{"start":{"line":43,"column":4},"end":{"line":43,"column":5}},"loc":{"start":{"line":43,"column":27},"end":{"line":45,"column":5}},"line":43},"4":{"name":"(anonymous_4)","decl":{"start":{"line":47,"column":4},"end":{"line":47,"column":5}},"loc":{"start":{"line":47,"column":15},"end":{"line":49,"column":5}},"line":47},"5":{"name":"(anonymous_5)","decl":{"start":{"line":51,"column":4},"end":{"line":51,"column":5}},"loc":{"start":{"line":51,"column":19},"end":{"line":53,"column":5}},"line":51},"6":{"name":"(anonymous_6)","decl":{"start":{"line":55,"column":4},"end":{"line":55,"column":5}},"loc":{"start":{"line":55,"column":20},"end":{"line":57,"column":5}},"line":55},"7":{"name":"(anonymous_7)","decl":{"start":{"line":59,"column":4},"end":{"line":59,"column":5}},"loc":{"start":{"line":59,"column":25},"end":{"line":61,"column":5}},"line":59},"8":{"name":"(anonymous_8)","decl":{"start":{"line":63,"column":4},"end":{"line":63,"column":5}},"loc":{"start":{"line":63,"column":26},"end":{"line":65,"column":5}},"line":63},"9":{"name":"(anonymous_9)","decl":{"start":{"line":67,"column":4},"end":{"line":67,"column":5}},"loc":{"start":{"line":67,"column":14},"end":{"line":69,"column":5}},"line":67},"10":{"name":"(anonymous_10)","decl":{"start":{"line":73,"column":4},"end":{"line":73,"column":5}},"loc":{"start":{"line":73,"column":34},"end":{"line":80,"column":5}},"line":73},"11":{"name":"(anonymous_11)","decl":{"start":{"line":83,"column":4},"end":{"line":83,"column":5}},"loc":{"start":{"line":83,"column":16},"end":{"line":97,"column":5}},"line":83},"12":{"name":"(anonymous_12)","decl":{"start":{"line":85,"column":31},"end":{"line":85,"column":32}},"loc":{"start":{"line":85,"column":52},"end":{"line":95,"column":13}},"line":85},"13":{"name":"(anonymous_13)","decl":{"start":{"line":86,"column":53},"end":{"line":86,"column":54}},"loc":{"start":{"line":86,"column":68},"end":{"line":94,"column":17}},"line":86},"14":{"name":"(anonymous_14)","decl":{"start":{"line":100,"column":4},"end":{"line":100,"column":5}},"loc":{"start":{"line":100,"column":17},"end":{"line":102,"column":5}},"line":100},"15":{"name":"(anonymous_15)","decl":{"start":{"line":106,"column":4},"end":{"line":106,"column":5}},"loc":{"start":{"line":106,"column":28},"end":{"line":121,"column":5}},"line":106},"16":{"name":"(anonymous_16)","decl":{"start":{"line":111,"column":27},"end":{"line":111,"column":28}},"loc":{"start":{"line":111,"column":48},"end":{"line":120,"column":9}},"line":111},"17":{"name":"(anonymous_17)","decl":{"start":{"line":113,"column":61},"end":{"line":113,"column":62}},"loc":{"start":{"line":113,"column":76},"end":{"line":119,"column":13}},"line":113},"18":{"name":"(anonymous_18)","decl":{"start":{"line":124,"column":4},"end":{"line":124,"column":5}},"loc":{"start":{"line":124,"column":18},"end":{"line":141,"column":5}},"line":124},"19":{"name":"(anonymous_19)","decl":{"start":{"line":154,"column":4},"end":{"line":154,"column":5}},"loc":{"start":{"line":154,"column":28},"end":{"line":166,"column":5}},"line":154},"20":{"name":"(anonymous_20)","decl":{"start":{"line":155,"column":27},"end":{"line":155,"column":28}},"loc":{"start":{"line":155,"column":48},"end":{"line":165,"column":9}},"line":155},"21":{"name":"(anonymous_21)","decl":{"start":{"line":158,"column":62},"end":{"line":158,"column":63}},"loc":{"start":{"line":158,"column":77},"end":{"line":164,"column":13}},"line":158}},"branchMap":{"0":{"loc":{"start":{"line":74,"column":8},"end":{"line":79,"column":9}},"type":"if","locations":[{"start":{"line":74,"column":8},"end":{"line":79,"column":9}},{"start":{"line":74,"column":8},"end":{"line":79,"column":9}}],"line":74},"1":{"loc":{"start":{"line":84,"column":8},"end":{"line":96,"column":9}},"type":"if","locations":[{"start":{"line":84,"column":8},"end":{"line":96,"column":9}},{"start":{"line":84,"column":8},"end":{"line":96,"column":9}}],"line":84},"2":{"loc":{"start":{"line":87,"column":20},"end":{"line":93,"column":21}},"type":"if","locations":[{"start":{"line":87,"column":20},"end":{"line":93,"column":21}},{"start":{"line":87,"column":20},"end":{"line":93,"column":21}}],"line":87},"3":{"loc":{"start":{"line":107,"column":8},"end":{"line":109,"column":9}},"type":"if","locations":[{"start":{"line":107,"column":8},"end":{"line":109,"column":9}},{"start":{"line":107,"column":8},"end":{"line":109,"column":9}}],"line":107},"4":{"loc":{"start":{"line":114,"column":16},"end":{"line":116,"column":17}},"type":"if","locations":[{"start":{"line":114,"column":16},"end":{"line":116,"column":17}},{"start":{"line":114,"column":16},"end":{"line":116,"column":17}}],"line":114},"5":{"loc":{"start":{"line":126,"column":8},"end":{"line":128,"column":9}},"type":"if","locations":[{"start":{"line":126,"column":8},"end":{"line":128,"column":9}},{"start":{"line":126,"column":8},"end":{"line":128,"column":9}}],"line":126},"6":{"loc":{"start":{"line":138,"column":8},"end":{"line":140,"column":9}},"type":"if","locations":[{"start":{"line":138,"column":8},"end":{"line":140,"column":9}},{"start":{"line":138,"column":8},"end":{"line":140,"column":9}}],"line":138},"7":{"loc":{"start":{"line":159,"column":16},"end":{"line":161,"column":17}},"type":"if","locations":[{"start":{"line":159,"column":16},"end":{"line":161,"column":17}},{"start":{"line":159,"column":16},"end":{"line":161,"column":17}}],"line":159},"8":{"loc":{"start":{"line":184,"column":12},"end":{"line":186,"column":13}},"type":"if","locations":[{"start":{"line":184,"column":12},"end":{"line":186,"column":13}},{"start":{"line":184,"column":12},"end":{"line":186,"column":13}}],"line":184},"9":{"loc":{"start":{"line":196,"column":8},"end":{"line":211,"column":9}},"type":"if","locations":[{"start":{"line":196,"column":8},"end":{"line":211,"column":9}},{"start":{"line":196,"column":8},"end":{"line":211,"column":9}}],"line":196},"10":{"loc":{"start":{"line":199,"column":13},"end":{"line":211,"column":9}},"type":"if","locations":[{"start":{"line":199,"column":13},"end":{"line":211,"column":9}},{"start":{"line":199,"column":13},"end":{"line":211,"column":9}}],"line":199},"11":{"loc":{"start":{"line":202,"column":13},"end":{"line":211,"column":9}},"type":"if","locations":[{"start":{"line":202,"column":13},"end":{"line":211,"column":9}},{"start":{"line":202,"column":13},"end":{"line":211,"column":9}}],"line":202},"12":{"loc":{"start":{"line":205,"column":13},"end":{"line":211,"column":9}},"type":"if","locations":[{"start":{"line":205,"column":13},"end":{"line":211,"column":9}},{"start":{"line":205,"column":13},"end":{"line":211,"column":9}}],"line":205},"13":{"loc":{"start":{"line":219,"column":12},"end":{"line":221,"column":13}},"type":"if","locations":[{"start":{"line":219,"column":12},"end":{"line":221,"column":13}},{"start":{"line":219,"column":12},"end":{"line":221,"column":13}}],"line":219}},"s":{"0":2,"1":2,"2":2,"3":2,"4":2,"5":45,"6":45,"7":45,"8":45,"9":45,"10":45,"11":41,"12":41,"13":36,"14":25,"15":1,"16":1,"17":1,"18":2,"19":1,"20":1,"21":4,"22":3,"23":1,"24":39,"25":39,"26":39,"27":6,"28":1,"29":5,"30":5,"31":4,"32":2,"33":1,"34":2,"35":2,"36":2,"37":1,"38":2,"39":4,"40":2,"41":4,"42":4,"43":4,"44":4,"45":4,"46":1,"47":4,"48":5,"49":2,"50":2,"51":2,"52":2,"53":1,"54":2,"55":2,"56":2,"57":2,"58":2,"59":2,"60":2,"61":10,"62":10,"63":50,"64":10,"65":8,"66":2,"67":50,"68":2,"69":48,"70":2,"71":46,"72":16,"73":30,"74":18,"75":12,"76":30,"77":30,"78":240,"79":240,"80":18,"81":12},"f":{"0":45,"1":41,"2":36,"3":25,"4":1,"5":1,"6":1,"7":2,"8":1,"9":1,"10":4,"11":39,"12":39,"13":6,"14":4,"15":2,"16":2,"17":2,"18":4,"19":2,"20":2,"21":2},"b":{"0":[3,1],"1":[39,0],"2":[1,5],"3":[1,1],"4":[1,1],"5":[2,2],"6":[1,3],"7":[1,1],"8":[8,2],"9":[2,48],"10":[2,46],"11":[16,30],"12":[18,12],"13":[18,222]},"_coverageSchema":"1a1c01bbd47fc00a2c39e90264f33305004495a9","hash":"98d04b52e0a4082e5bfc0fd131c4ac10d26369a5"}
,"/Users/macbookair/Documents/GitHub/coding-challenge/map/mapPathParser.js": {"path":"/Users/macbookair/Documents/GitHub/coding-challenge/map/mapPathParser.js","statementMap":{"0":{"start":{"line":1,"column":11},"end":{"line":1,"column":33}},"1":{"start":{"line":3,"column":0},"end":{"line":258,"column":1}},"2":{"start":{"line":16,"column":8},"end":{"line":21,"column":9}},"3":{"start":{"line":23,"column":8},"end":{"line":23,"column":29}},"4":{"start":{"line":37,"column":8},"end":{"line":37,"column":47}},"5":{"start":{"line":38,"column":8},"end":{"line":38,"column":40}},"6":{"start":{"line":39,"column":27},"end":{"line":39,"column":43}},"7":{"start":{"line":42,"column":8},"end":{"line":83,"column":9}},"8":{"start":{"line":43,"column":12},"end":{"line":79,"column":13}},"9":{"start":{"line":43,"column":25},"end":{"line":43,"column":26}},"10":{"start":{"line":44,"column":34},"end":{"line":44,"column":49}},"11":{"start":{"line":46,"column":16},"end":{"line":59,"column":17}},"12":{"start":{"line":48,"column":32},"end":{"line":48,"column":69}},"13":{"start":{"line":52,"column":20},"end":{"line":58,"column":21}},"14":{"start":{"line":53,"column":24},"end":{"line":53,"column":89}},"15":{"start":{"line":57,"column":24},"end":{"line":57,"column":33}},"16":{"start":{"line":61,"column":16},"end":{"line":74,"column":17}},"17":{"start":{"line":63,"column":20},"end":{"line":63,"column":45}},"18":{"start":{"line":65,"column":21},"end":{"line":74,"column":17}},"19":{"start":{"line":67,"column":20},"end":{"line":67,"column":43}},"20":{"start":{"line":69,"column":20},"end":{"line":69,"column":68}},"21":{"start":{"line":73,"column":20},"end":{"line":73,"column":48}},"22":{"start":{"line":78,"column":16},"end":{"line":78,"column":64}},"23":{"start":{"line":82,"column":12},"end":{"line":82,"column":68}},"24":{"start":{"line":85,"column":8},"end":{"line":85,"column":39}},"25":{"start":{"line":89,"column":8},"end":{"line":89,"column":31}},"26":{"start":{"line":93,"column":8},"end":{"line":93,"column":31}},"27":{"start":{"line":97,"column":8},"end":{"line":97,"column":68}},"28":{"start":{"line":101,"column":8},"end":{"line":101,"column":66}},"29":{"start":{"line":105,"column":8},"end":{"line":105,"column":26}},"30":{"start":{"line":109,"column":8},"end":{"line":109,"column":31}},"31":{"start":{"line":116,"column":8},"end":{"line":116,"column":98}},"32":{"start":{"line":117,"column":8},"end":{"line":117,"column":98}},"33":{"start":{"line":120,"column":8},"end":{"line":120,"column":67}},"34":{"start":{"line":123,"column":8},"end":{"line":128,"column":9}},"35":{"start":{"line":123,"column":21},"end":{"line":123,"column":22}},"36":{"start":{"line":124,"column":27},"end":{"line":124,"column":45}},"37":{"start":{"line":125,"column":33},"end":{"line":125,"column":77}},"38":{"start":{"line":127,"column":12},"end":{"line":127,"column":82}},"39":{"start":{"line":133,"column":39},"end":{"line":133,"column":85}},"40":{"start":{"line":135,"column":8},"end":{"line":140,"column":9}},"41":{"start":{"line":135,"column":21},"end":{"line":135,"column":22}},"42":{"start":{"line":136,"column":27},"end":{"line":136,"column":45}},"43":{"start":{"line":137,"column":12},"end":{"line":139,"column":13}},"44":{"start":{"line":138,"column":16},"end":{"line":138,"column":28}},"45":{"start":{"line":142,"column":8},"end":{"line":142,"column":21}},"46":{"start":{"line":147,"column":39},"end":{"line":147,"column":85}},"47":{"start":{"line":148,"column":8},"end":{"line":148,"column":79}},"48":{"start":{"line":153,"column":39},"end":{"line":153,"column":85}},"49":{"start":{"line":154,"column":8},"end":{"line":154,"column":77}},"50":{"start":{"line":159,"column":8},"end":{"line":161,"column":9}},"51":{"start":{"line":160,"column":12},"end":{"line":160,"column":24}},"52":{"start":{"line":163,"column":8},"end":{"line":163,"column":21}},"53":{"start":{"line":168,"column":8},"end":{"line":168,"column":64}},"54":{"start":{"line":173,"column":16},"end":{"line":173,"column":59}},"55":{"start":{"line":174,"column":16},"end":{"line":174,"column":59}},"56":{"start":{"line":176,"column":8},"end":{"line":176,"column":22}},"57":{"start":{"line":181,"column":16},"end":{"line":181,"column":59}},"58":{"start":{"line":182,"column":16},"end":{"line":182,"column":59}},"59":{"start":{"line":184,"column":8},"end":{"line":184,"column":22}},"60":{"start":{"line":192,"column":8},"end":{"line":194,"column":9}},"61":{"start":{"line":193,"column":12},"end":{"line":193,"column":94}},"62":{"start":{"line":196,"column":8},"end":{"line":216,"column":9}},"63":{"start":{"line":197,"column":28},"end":{"line":197,"column":52}},"64":{"start":{"line":199,"column":12},"end":{"line":212,"column":13}},"65":{"start":{"line":200,"column":24},"end":{"line":200,"column":66}},"66":{"start":{"line":201,"column":24},"end":{"line":201,"column":87}},"67":{"start":{"line":203,"column":16},"end":{"line":208,"column":17}},"68":{"start":{"line":204,"column":20},"end":{"line":204,"column":34}},"69":{"start":{"line":207,"column":20},"end":{"line":207,"column":82}},"70":{"start":{"line":211,"column":16},"end":{"line":211,"column":68}},"71":{"start":{"line":215,"column":12},"end":{"line":215,"column":68}},"72":{"start":{"line":222,"column":16},"end":{"line":222,"column":24}},"73":{"start":{"line":223,"column":16},"end":{"line":223,"column":24}},"74":{"start":{"line":225,"column":8},"end":{"line":225,"column":89}},"75":{"start":{"line":226,"column":8},"end":{"line":226,"column":89}},"76":{"start":{"line":228,"column":8},"end":{"line":228,"column":89}},"77":{"start":{"line":229,"column":8},"end":{"line":229,"column":89}},"78":{"start":{"line":234,"column":8},"end":{"line":237,"column":9}},"79":{"start":{"line":234,"column":21},"end":{"line":234,"column":22}},"80":{"start":{"line":235,"column":27},"end":{"line":235,"column":45}},"81":{"start":{"line":236,"column":12},"end":{"line":236,"column":65}},"82":{"start":{"line":242,"column":34},"end":{"line":242,"column":78}},"83":{"start":{"line":243,"column":32},"end":{"line":243,"column":74}},"84":{"start":{"line":245,"column":8},"end":{"line":247,"column":9}},"85":{"start":{"line":246,"column":12},"end":{"line":246,"column":121}},"86":{"start":{"line":252,"column":34},"end":{"line":252,"column":78}},"87":{"start":{"line":254,"column":8},"end":{"line":256,"column":9}},"88":{"start":{"line":255,"column":12},"end":{"line":255,"column":112}}},"fnMap":{"0":{"name":"(anonymous_0)","decl":{"start":{"line":12,"column":4},"end":{"line":12,"column":5}},"loc":{"start":{"line":12,"column":18},"end":{"line":24,"column":5}},"line":12},"1":{"name":"(anonymous_1)","decl":{"start":{"line":35,"column":4},"end":{"line":35,"column":5}},"loc":{"start":{"line":35,"column":17},"end":{"line":86,"column":5}},"line":35},"2":{"name":"(anonymous_2)","decl":{"start":{"line":88,"column":4},"end":{"line":88,"column":5}},"loc":{"start":{"line":88,"column":19},"end":{"line":90,"column":5}},"line":88},"3":{"name":"(anonymous_3)","decl":{"start":{"line":92,"column":4},"end":{"line":92,"column":5}},"loc":{"start":{"line":92,"column":19},"end":{"line":94,"column":5}},"line":92},"4":{"name":"(anonymous_4)","decl":{"start":{"line":96,"column":4},"end":{"line":96,"column":5}},"loc":{"start":{"line":96,"column":26},"end":{"line":98,"column":5}},"line":96},"5":{"name":"(anonymous_5)","decl":{"start":{"line":100,"column":4},"end":{"line":100,"column":5}},"loc":{"start":{"line":100,"column":24},"end":{"line":102,"column":5}},"line":100},"6":{"name":"(anonymous_6)","decl":{"start":{"line":104,"column":4},"end":{"line":104,"column":5}},"loc":{"start":{"line":104,"column":14},"end":{"line":106,"column":5}},"line":104},"7":{"name":"(anonymous_7)","decl":{"start":{"line":108,"column":4},"end":{"line":108,"column":5}},"loc":{"start":{"line":108,"column":19},"end":{"line":110,"column":5}},"line":108},"8":{"name":"(anonymous_8)","decl":{"start":{"line":132,"column":4},"end":{"line":132,"column":5}},"loc":{"start":{"line":132,"column":26},"end":{"line":143,"column":5}},"line":132},"9":{"name":"(anonymous_9)","decl":{"start":{"line":146,"column":4},"end":{"line":146,"column":5}},"loc":{"start":{"line":146,"column":23},"end":{"line":149,"column":5}},"line":146},"10":{"name":"(anonymous_10)","decl":{"start":{"line":152,"column":4},"end":{"line":152,"column":5}},"loc":{"start":{"line":152,"column":21},"end":{"line":155,"column":5}},"line":152},"11":{"name":"(anonymous_11)","decl":{"start":{"line":158,"column":4},"end":{"line":158,"column":5}},"loc":{"start":{"line":158,"column":35},"end":{"line":164,"column":5}},"line":158}},"branchMap":{"0":{"loc":{"start":{"line":42,"column":8},"end":{"line":83,"column":9}},"type":"if","locations":[{"start":{"line":42,"column":8},"end":{"line":83,"column":9}},{"start":{"line":42,"column":8},"end":{"line":83,"column":9}}],"line":42},"1":{"loc":{"start":{"line":52,"column":20},"end":{"line":58,"column":21}},"type":"if","locations":[{"start":{"line":52,"column":20},"end":{"line":58,"column":21}},{"start":{"line":52,"column":20},"end":{"line":58,"column":21}}],"line":52},"2":{"loc":{"start":{"line":52,"column":24},"end":{"line":52,"column":64}},"type":"binary-expr","locations":[{"start":{"line":52,"column":24},"end":{"line":52,"column":31}},{"start":{"line":52,"column":35},"end":{"line":52,"column":64}}],"line":52},"3":{"loc":{"start":{"line":61,"column":16},"end":{"line":74,"column":17}},"type":"if","locations":[{"start":{"line":61,"column":16},"end":{"line":74,"column":17}},{"start":{"line":61,"column":16},"end":{"line":74,"column":17}}],"line":61},"4":{"loc":{"start":{"line":65,"column":21},"end":{"line":74,"column":17}},"type":"if","locations":[{"start":{"line":65,"column":21},"end":{"line":74,"column":17}},{"start":{"line":65,"column":21},"end":{"line":74,"column":17}}],"line":65},"5":{"loc":{"start":{"line":137,"column":12},"end":{"line":139,"column":13}},"type":"if","locations":[{"start":{"line":137,"column":12},"end":{"line":139,"column":13}},{"start":{"line":137,"column":12},"end":{"line":139,"column":13}}],"line":137},"6":{"loc":{"start":{"line":159,"column":8},"end":{"line":161,"column":9}},"type":"if","locations":[{"start":{"line":159,"column":8},"end":{"line":161,"column":9}},{"start":{"line":159,"column":8},"end":{"line":161,"column":9}}],"line":159},"7":{"loc":{"start":{"line":159,"column":12},"end":{"line":159,"column":62}},"type":"binary-expr","locations":[{"start":{"line":159,"column":12},"end":{"line":159,"column":35}},{"start":{"line":159,"column":39},"end":{"line":159,"column":62}}],"line":159},"8":{"loc":{"start":{"line":192,"column":8},"end":{"line":194,"column":9}},"type":"if","locations":[{"start":{"line":192,"column":8},"end":{"line":194,"column":9}},{"start":{"line":192,"column":8},"end":{"line":194,"column":9}}],"line":192},"9":{"loc":{"start":{"line":196,"column":8},"end":{"line":216,"column":9}},"type":"if","locations":[{"start":{"line":196,"column":8},"end":{"line":216,"column":9}},{"start":{"line":196,"column":8},"end":{"line":216,"column":9}}],"line":196},"10":{"loc":{"start":{"line":199,"column":12},"end":{"line":212,"column":13}},"type":"if","locations":[{"start":{"line":199,"column":12},"end":{"line":212,"column":13}},{"start":{"line":199,"column":12},"end":{"line":212,"column":13}}],"line":199},"11":{"loc":{"start":{"line":203,"column":16},"end":{"line":208,"column":17}},"type":"if","locations":[{"start":{"line":203,"column":16},"end":{"line":208,"column":17}},{"start":{"line":203,"column":16},"end":{"line":208,"column":17}}],"line":203},"12":{"loc":{"start":{"line":203,"column":20},"end":{"line":203,"column":86}},"type":"binary-expr","locations":[{"start":{"line":203,"column":20},"end":{"line":203,"column":41}},{"start":{"line":203,"column":45},"end":{"line":203,"column":66}},{"start":{"line":203,"column":70},"end":{"line":203,"column":76}},{"start":{"line":203,"column":80},"end":{"line":203,"column":86}}],"line":203},"13":{"loc":{"start":{"line":245,"column":8},"end":{"line":247,"column":9}},"type":"if","locations":[{"start":{"line":245,"column":8},"end":{"line":247,"column":9}},{"start":{"line":245,"column":8},"end":{"line":247,"column":9}}],"line":245},"14":{"loc":{"start":{"line":245,"column":12},"end":{"line":245,"column":52}},"type":"binary-expr","locations":[{"start":{"line":245,"column":12},"end":{"line":245,"column":31}},{"start":{"line":245,"column":35},"end":{"line":245,"column":52}}],"line":245},"15":{"loc":{"start":{"line":254,"column":8},"end":{"line":256,"column":9}},"type":"if","locations":[{"start":{"line":254,"column":8},"end":{"line":256,"column":9}},{"start":{"line":254,"column":8},"end":{"line":256,"column":9}}],"line":254}},"s":{"0":3,"1":3,"2":56,"3":56,"4":14,"5":14,"6":14,"7":14,"8":14,"9":14,"10":108,"11":108,"12":108,"13":5,"14":2,"15":3,"16":103,"17":13,"18":90,"19":12,"20":12,"21":78,"22":102,"23":11,"24":9,"25":3,"26":3,"27":5,"28":5,"29":7,"30":4,"31":9,"32":9,"33":9,"34":9,"35":9,"36":42,"37":42,"38":42,"39":48,"40":48,"41":48,"42":316,"43":316,"44":17,"45":31,"46":51,"47":51,"48":49,"49":49,"50":772,"51":45,"52":727,"53":108,"54":52,"55":52,"56":52,"57":148,"58":148,"59":148,"60":108,"61":2,"62":106,"63":105,"64":105,"65":104,"66":104,"67":104,"68":103,"69":1,"70":1,"71":1,"72":102,"73":102,"74":102,"75":102,"76":102,"77":102,"78":11,"79":11,"80":51,"81":51,"82":51,"83":51,"84":51,"85":2,"86":12,"87":12,"88":1},"f":{"0":56,"1":14,"2":3,"3":3,"4":5,"5":5,"6":7,"7":4,"8":48,"9":51,"10":49,"11":772},"b":{"0":[14,0],"1":[2,3],"2":[5,4],"3":[13,90],"4":[12,78],"5":[17,299],"6":[45,727],"7":[772,148],"8":[2,106],"9":[105,1],"10":[104,1],"11":[103,1],"12":[104,104,104,104],"13":[2,49],"14":[51,50],"15":[1,11]},"_coverageSchema":"1a1c01bbd47fc00a2c39e90264f33305004495a9","hash":"0fb140672448fac46fee5580ac507c72d97c526f"}
}
