TN:
SF:gui/outputSymbols.js
FNF:0
FNH:0
DA:2,2
LF:1
LH:1
BRF:0
BRH:0
end_of_record
TN:
SF:map/mapPath.js
FN:18,(anonymous_0)
FN:34,(anonymous_1)
FN:39,(anonymous_2)
FN:43,(anonymous_3)
FN:47,(anonymous_4)
FN:51,(anonymous_5)
FN:55,(anonymous_6)
FN:59,(anonymous_7)
FN:63,(anonymous_8)
FN:67,(anonymous_9)
FN:73,(anonymous_10)
FN:83,(anonymous_11)
FN:85,(anonymous_12)
FN:86,(anonymous_13)
FN:100,(anonymous_14)
FN:106,(anonymous_15)
FN:111,(anonymous_16)
FN:113,(anonymous_17)
FN:124,(anonymous_18)
FN:154,(anonymous_19)
FN:155,(anonymous_20)
FN:158,(anonymous_21)
FNF:22
FNH:22
FNDA:45,(anonymous_0)
FNDA:41,(anonymous_1)
FNDA:36,(anonymous_2)
FNDA:25,(anonymous_3)
FNDA:1,(anonymous_4)
FNDA:1,(anonymous_5)
FNDA:1,(anonymous_6)
FNDA:2,(anonymous_7)
FNDA:1,(anonymous_8)
FNDA:1,(anonymous_9)
FNDA:4,(anonymous_10)
FNDA:39,(anonymous_11)
FNDA:39,(anonymous_12)
FNDA:6,(anonymous_13)
FNDA:4,(anonymous_14)
FNDA:2,(anonymous_15)
FNDA:2,(anonymous_16)
FNDA:2,(anonymous_17)
FNDA:4,(anonymous_18)
FNDA:2,(anonymous_19)
FNDA:2,(anonymous_20)
FNDA:2,(anonymous_21)
DA:1,2
DA:2,2
DA:3,2
DA:4,2
DA:9,2
DA:20,45
DA:21,45
DA:24,45
DA:26,45
DA:28,45
DA:30,45
DA:35,41
DA:36,41
DA:40,36
DA:44,25
DA:48,1
DA:52,1
DA:56,1
DA:60,2
DA:64,1
DA:68,1
DA:74,4
DA:75,3
DA:78,1
DA:84,39
DA:85,39
DA:86,39
DA:87,6
DA:88,1
DA:91,5
DA:92,5
DA:101,4
DA:107,2
DA:108,1
DA:111,2
DA:113,2
DA:114,2
DA:115,1
DA:118,2
DA:126,4
DA:127,2
DA:131,4
DA:132,4
DA:133,4
DA:136,4
DA:138,4
DA:139,1
DA:145,4
DA:150,5
DA:155,2
DA:156,2
DA:158,2
DA:159,2
DA:160,1
DA:163,2
DA:170,2
DA:173,2
DA:174,2
DA:175,2
DA:178,2
DA:179,10
DA:180,50
DA:184,10
DA:185,8
DA:190,2
DA:196,50
DA:197,2
DA:199,48
DA:200,2
DA:202,46
DA:203,16
DA:205,30
DA:206,18
DA:210,12
DA:216,30
DA:217,240
DA:219,240
DA:220,18
DA:224,12
LF:79
LH:79
BRDA:74,0,0,3
BRDA:74,0,1,1
BRDA:84,1,0,39
BRDA:84,1,1,0
BRDA:87,2,0,1
BRDA:87,2,1,5
BRDA:107,3,0,1
BRDA:107,3,1,1
BRDA:114,4,0,1
BRDA:114,4,1,1
BRDA:126,5,0,2
BRDA:126,5,1,2
BRDA:138,6,0,1
BRDA:138,6,1,3
BRDA:159,7,0,1
BRDA:159,7,1,1
BRDA:184,8,0,8
BRDA:184,8,1,2
BRDA:196,9,0,2
BRDA:196,9,1,48
BRDA:199,10,0,2
BRDA:199,10,1,46
BRDA:202,11,0,16
BRDA:202,11,1,30
BRDA:205,12,0,18
BRDA:205,12,1,12
BRDA:219,13,0,18
BRDA:219,13,1,222
BRF:28
BRH:27
end_of_record
TN:
SF:map/mapPathParser.js
FN:12,(anonymous_0)
FN:35,(anonymous_1)
FN:88,(anonymous_2)
FN:92,(anonymous_3)
FN:96,(anonymous_4)
FN:100,(anonymous_5)
FN:104,(anonymous_6)
FN:108,(anonymous_7)
FN:132,(anonymous_8)
FN:146,(anonymous_9)
FN:152,(anonymous_10)
FN:158,(anonymous_11)
FNF:12
FNH:12
FNDA:56,(anonymous_0)
FNDA:14,(anonymous_1)
FNDA:3,(anonymous_2)
FNDA:3,(anonymous_3)
FNDA:5,(anonymous_4)
FNDA:5,(anonymous_5)
FNDA:7,(anonymous_6)
FNDA:4,(anonymous_7)
FNDA:48,(anonymous_8)
FNDA:51,(anonymous_9)
FNDA:49,(anonymous_10)
FNDA:772,(anonymous_11)
DA:1,3
DA:3,3
DA:16,56
DA:23,56
DA:37,14
DA:38,14
DA:39,14
DA:42,14
DA:43,14
DA:44,108
DA:46,108
DA:48,108
DA:52,5
DA:53,2
DA:57,3
DA:61,103
DA:63,13
DA:65,90
DA:67,12
DA:69,12
DA:73,78
DA:78,102
DA:82,11
DA:85,9
DA:89,3
DA:93,3
DA:97,5
DA:101,5
DA:105,7
DA:109,4
DA:116,9
DA:117,9
DA:120,9
DA:123,9
DA:124,42
DA:125,42
DA:127,42
DA:133,48
DA:135,48
DA:136,316
DA:137,316
DA:138,17
DA:142,31
DA:147,51
DA:148,51
DA:153,49
DA:154,49
DA:159,772
DA:160,45
DA:163,727
DA:168,108
DA:173,52
DA:174,52
DA:176,52
DA:181,148
DA:182,148
DA:184,148
DA:192,108
DA:193,2
DA:196,106
DA:197,105
DA:199,105
DA:200,104
DA:201,104
DA:203,104
DA:204,103
DA:207,1
DA:211,1
DA:215,1
DA:222,102
DA:223,102
DA:225,102
DA:226,102
DA:228,102
DA:229,102
DA:234,11
DA:235,51
DA:236,51
DA:242,51
DA:243,51
DA:245,51
DA:246,2
DA:252,12
DA:254,12
DA:255,1
LF:85
LH:85
BRDA:42,0,0,14
BRDA:42,0,1,0
BRDA:52,1,0,2
BRDA:52,1,1,3
BRDA:52,2,0,5
BRDA:52,2,1,4
BRDA:61,3,0,13
BRDA:61,3,1,90
BRDA:65,4,0,12
BRDA:65,4,1,78
BRDA:137,5,0,17
BRDA:137,5,1,299
BRDA:159,6,0,45
BRDA:159,6,1,727
BRDA:159,7,0,772
BRDA:159,7,1,148
BRDA:192,8,0,2
BRDA:192,8,1,106
BRDA:196,9,0,105
BRDA:196,9,1,1
BRDA:199,10,0,104
BRDA:199,10,1,1
BRDA:203,11,0,103
BRDA:203,11,1,1
BRDA:203,12,0,104
BRDA:203,12,1,104
BRDA:203,12,2,104
BRDA:203,12,3,104
BRDA:245,13,0,2
BRDA:245,13,1,49
BRDA:245,14,0,51
BRDA:245,14,1,50
BRDA:254,15,0,1
BRDA:254,15,1,11
BRF:34
BRH:33
end_of_record
